<?xml version="1.0" encoding="UTF-8"?>
<testsuite xmlns:xsi="http://www.w3.org/2001/XMLSchema-instance" xsi:noNamespaceSchemaLocation="https://maven.apache.org/surefire/maven-surefire-plugin/xsd/surefire-test-report-3.0.xsd" version="3.0" name="com.example.health.controller.DoctorControllerTest" time="0.876" tests="1" errors="0" skipped="0" failures="0">
  <properties>
[...]
</properties>
  <testcase name="testUpdateDoctorImage" classname="com.example.health.controller.DoctorControllerTest" time="0.062">
    <system-out><![CDATA[20:00:50.456 [main] INFO org.springframework.test.context.support.AnnotationConfigContextLoaderUtils -- Could not detect default configuration classes for test class [com.example.health.controller.DoctorControllerTest]: DoctorControllerTest does not declare any static, non-private, non-final, nested classes annotated with @Configuration.
20:00:50.561 [main] INFO org.springframework.boot.test.context.SpringBootTestContextBootstrapper -- Found @SpringBootConfiguration com.example.health.HealthApplication for test class com.example.health.controller.DoctorControllerTest

  .   ____          _            __ _ _
 /\\ / ___'_ __ _ _(_)_ __  __ _ \ \ \ \
( ( )\___ | '_ | '_| | '_ \/ _` | \ \ \ \
 \\/  ___)| |_)| | | | | || (_| |  ) ) ) )
  '  |____| .__|_| |_|_| |_\__, | / / / /
 =========|_|==============|___/=/_/_/_/

 :: Spring Boot ::               (v3.4.10)

2025-10-17T20:00:50.733+05:30  INFO 14436 --- [health] [           main] c.e.h.controller.DoctorControllerTest    : Starting DoctorControllerTest using Java 17.0.12 with PID 14436 (started by jasinthan in /Users/jasinthan/Desktop/HealthSync/HealthSync/health)
2025-10-17T20:00:50.734+05:30  INFO 14436 --- [health] [           main] c.e.h.controller.DoctorControllerTest    : No active profile set, falling back to 1 default profile: "default"
2025-10-17T20:00:51.185+05:30  INFO 14436 --- [health] [           main] o.s.b.t.m.w.SpringBootMockServletContext : Initializing Spring TestDispatcherServlet ''
2025-10-17T20:00:51.185+05:30  INFO 14436 --- [health] [           main] o.s.t.web.servlet.TestDispatcherServlet  : Initializing Servlet ''
2025-10-17T20:00:51.186+05:30  INFO 14436 --- [health] [           main] o.s.t.web.servlet.TestDispatcherServlet  : Completed initialization in 0 ms
2025-10-17T20:00:51.196+05:30  INFO 14436 --- [health] [           main] c.e.h.controller.DoctorControllerTest    : Started DoctorControllerTest in 0.605 seconds (process running for 1.585)
]]></system-out>
  </testcase>
</testsuite>